Pig Stack Trace
---------------
ERROR 1200: <line 5, column 0>  mismatched input 'DESCRIBE' expecting SEMI_COLON

Failed to parse: <line 5, column 0>  mismatched input 'DESCRIBE' expecting SEMI_COLON
	at org.apache.pig.parser.QueryParserDriver.parse(QueryParserDriver.java:241)
	at org.apache.pig.parser.QueryParserDriver.parse(QueryParserDriver.java:179)
	at org.apache.pig.PigServer$Graph.validateQuery(PigServer.java:1660)
	at org.apache.pig.PigServer$Graph.registerQuery(PigServer.java:1633)
	at org.apache.pig.PigServer.registerQuery(PigServer.java:587)
	at org.apache.pig.tools.grunt.GruntParser.processPig(GruntParser.java:1093)
	at org.apache.pig.tools.pigscript.parser.PigScriptParser.parse(PigScriptParser.java:501)
	at org.apache.pig.tools.grunt.GruntParser.parseStopOnError(GruntParser.java:198)
	at org.apache.pig.tools.grunt.GruntParser.parseStopOnError(GruntParser.java:173)
	at org.apache.pig.tools.grunt.Grunt.run(Grunt.java:69)
	at org.apache.pig.Main.run(Main.java:547)
	at org.apache.pig.Main.main(Main.java:158)
	at sun.reflect.NativeMethodAccessorImpl.invoke0(Native Method)
	at sun.reflect.NativeMethodAccessorImpl.invoke(NativeMethodAccessorImpl.java:62)
	at sun.reflect.DelegatingMethodAccessorImpl.invoke(DelegatingMethodAccessorImpl.java:43)
	at java.lang.reflect.Method.invoke(Method.java:498)
	at org.apache.hadoop.util.RunJar.run(RunJar.java:221)
	at org.apache.hadoop.util.RunJar.main(RunJar.java:136)
================================================================================
Pig Stack Trace
---------------
ERROR 1003: Unable to find an operator for alias records

org.apache.pig.impl.logicalLayer.FrontendException: ERROR 1003: Unable to find an operator for alias records
	at org.apache.pig.PigServer$Graph.buildPlan(PigServer.java:1525)
	at org.apache.pig.PigServer.storeEx(PigServer.java:985)
	at org.apache.pig.PigServer.store(PigServer.java:954)
	at org.apache.pig.PigServer.openIterator(PigServer.java:867)
	at org.apache.pig.tools.grunt.GruntParser.processDump(GruntParser.java:774)
	at org.apache.pig.tools.pigscript.parser.PigScriptParser.parse(PigScriptParser.java:372)
	at org.apache.pig.tools.grunt.GruntParser.parseStopOnError(GruntParser.java:198)
	at org.apache.pig.tools.grunt.GruntParser.parseStopOnError(GruntParser.java:173)
	at org.apache.pig.tools.grunt.Grunt.run(Grunt.java:69)
	at org.apache.pig.Main.run(Main.java:547)
	at org.apache.pig.Main.main(Main.java:158)
	at sun.reflect.NativeMethodAccessorImpl.invoke0(Native Method)
	at sun.reflect.NativeMethodAccessorImpl.invoke(NativeMethodAccessorImpl.java:62)
	at sun.reflect.DelegatingMethodAccessorImpl.invoke(DelegatingMethodAccessorImpl.java:43)
	at java.lang.reflect.Method.invoke(Method.java:498)
	at org.apache.hadoop.util.RunJar.run(RunJar.java:221)
	at org.apache.hadoop.util.RunJar.main(RunJar.java:136)
================================================================================
Pig Stack Trace
---------------
ERROR 1003: Unable to find an operator for alias records

org.apache.pig.impl.logicalLayer.FrontendException: ERROR 1003: Unable to find an operator for alias records
	at org.apache.pig.PigServer$Graph.buildPlan(PigServer.java:1525)
	at org.apache.pig.PigServer.storeEx(PigServer.java:985)
	at org.apache.pig.PigServer.store(PigServer.java:954)
	at org.apache.pig.PigServer.openIterator(PigServer.java:867)
	at org.apache.pig.tools.grunt.GruntParser.processDump(GruntParser.java:774)
	at org.apache.pig.tools.pigscript.parser.PigScriptParser.parse(PigScriptParser.java:372)
	at org.apache.pig.tools.grunt.GruntParser.parseStopOnError(GruntParser.java:198)
	at org.apache.pig.tools.grunt.GruntParser.parseStopOnError(GruntParser.java:173)
	at org.apache.pig.tools.grunt.Grunt.run(Grunt.java:69)
	at org.apache.pig.Main.run(Main.java:547)
	at org.apache.pig.Main.main(Main.java:158)
	at sun.reflect.NativeMethodAccessorImpl.invoke0(Native Method)
	at sun.reflect.NativeMethodAccessorImpl.invoke(NativeMethodAccessorImpl.java:62)
	at sun.reflect.DelegatingMethodAccessorImpl.invoke(DelegatingMethodAccessorImpl.java:43)
	at java.lang.reflect.Method.invoke(Method.java:498)
	at org.apache.hadoop.util.RunJar.run(RunJar.java:221)
	at org.apache.hadoop.util.RunJar.main(RunJar.java:136)
================================================================================
